<?xml version="1.0" encoding="UTF-8"?>
<!-- Generated by org.testng.reporters.JUnitXMLReporter -->
<testsuite ignored="2" hostname="DESKTOP-06M9HP1" failures="0" tests="2" name="Test" time="6.125" errors="0" timestamp="2024-09-11T14:59:01 IST">
  <testcase classname="base.BaseTest" name="@BeforeMethod beforeMethodMethod" time="0.001">
    <failure type="java.lang.NullPointerException" message="Cannot invoke &amp;quot;com.aventstack.extentreports.ExtentReports.createTest(String)&amp;quot; because &amp;quot;this.extent&amp;quot; is null">
      <![CDATA[java.lang.NullPointerException: Cannot invoke "com.aventstack.extentreports.ExtentReports.createTest(String)" because "this.extent" is null
at base.BaseTest.beforeMethodMethod(BaseTest.java:54)
at java.base/java.util.ArrayList.forEach(ArrayList.java:1511)
... Removed 31 stack frames]]>
    </failure>
  </testcase> <!-- @BeforeMethod beforeMethodMethod -->
  <testcase classname="base.BaseTest" name="@AfterMethod afterMethod" time="-1.726046941186E9">
    <skipped/>
  </testcase> <!-- @AfterMethod afterMethod -->
  <testcase classname="qa.tests.TestCase1" name="sampleMethodForEnteringCredentials" time="1.371"/>
  <testcase classname="qa.tests.TestCase2" name="sampleMethodForEnteringCredentials" time="0.0">
    <skipped/>
  </testcase> <!-- sampleMethodForEnteringCredentials -->
  <testcase classname="base.BaseTest" name="@BeforeTest beforeTestMethod" time="0.0">
    <ignored/>
  </testcase> <!-- @BeforeTest beforeTestMethod -->
  <testcase classname="base.BaseTest" name="@AfterTest afterTest" time="0.0">
    <ignored/>
  </testcase> <!-- @AfterTest afterTest -->
</testsuite> <!-- Test -->
